Determining if the pthread_create exist failed with the following output:
Change Dir: /home/ndrianja/IST/cyclonedds/src/CMakeFiles/CMakeTmp

Run Build Command:"/usr/bin/make" "cmTC_9f9be/fast"
/usr/bin/make -f CMakeFiles/cmTC_9f9be.dir/build.make CMakeFiles/cmTC_9f9be.dir/build
make[1] : on entre dans le répertoire « /home/ndrianja/IST/cyclonedds/src/CMakeFiles/CMakeTmp »
Building C object CMakeFiles/cmTC_9f9be.dir/CheckSymbolExists.c.o
/usr/bin/cc    -o CMakeFiles/cmTC_9f9be.dir/CheckSymbolExists.c.o   -c /home/ndrianja/IST/cyclonedds/src/CMakeFiles/CMakeTmp/CheckSymbolExists.c
Linking C executable cmTC_9f9be
/home/ndrianja/cmake-3.12.4-Linux-x86_64/bin/cmake -E cmake_link_script CMakeFiles/cmTC_9f9be.dir/link.txt --verbose=1
/usr/bin/cc      CMakeFiles/cmTC_9f9be.dir/CheckSymbolExists.c.o  -o cmTC_9f9be 
CMakeFiles/cmTC_9f9be.dir/CheckSymbolExists.c.o : Dans la fonction « main » :
CheckSymbolExists.c:(.text+0x1b) : référence indéfinie vers « pthread_create »
collect2: error: ld returned 1 exit status
CMakeFiles/cmTC_9f9be.dir/build.make:86: recipe for target 'cmTC_9f9be' failed
make[1]: *** [cmTC_9f9be] Error 1
make[1] : on quitte le répertoire « /home/ndrianja/IST/cyclonedds/src/CMakeFiles/CMakeTmp »
Makefile:121: recipe for target 'cmTC_9f9be/fast' failed
make: *** [cmTC_9f9be/fast] Error 2

File /home/ndrianja/IST/cyclonedds/src/CMakeFiles/CMakeTmp/CheckSymbolExists.c:
/* */
#include <pthread.h>

int main(int argc, char** argv)
{
  (void)argv;
#ifndef pthread_create
  return ((int*)(&pthread_create))[argc];
#else
  (void)argc;
  return 0;
#endif
}

Determining if the function pthread_create exists in the pthreads failed with the following output:
Change Dir: /home/ndrianja/IST/cyclonedds/src/CMakeFiles/CMakeTmp

Run Build Command:"/usr/bin/make" "cmTC_e5dfd/fast"
/usr/bin/make -f CMakeFiles/cmTC_e5dfd.dir/build.make CMakeFiles/cmTC_e5dfd.dir/build
make[1] : on entre dans le répertoire « /home/ndrianja/IST/cyclonedds/src/CMakeFiles/CMakeTmp »
Building C object CMakeFiles/cmTC_e5dfd.dir/CheckFunctionExists.c.o
/usr/bin/cc   -DCHECK_FUNCTION_EXISTS=pthread_create   -o CMakeFiles/cmTC_e5dfd.dir/CheckFunctionExists.c.o   -c /home/ndrianja/cmake-3.12.4-Linux-x86_64/share/cmake-3.12/Modules/CheckFunctionExists.c
Linking C executable cmTC_e5dfd
/home/ndrianja/cmake-3.12.4-Linux-x86_64/bin/cmake -E cmake_link_script CMakeFiles/cmTC_e5dfd.dir/link.txt --verbose=1
/usr/bin/cc  -DCHECK_FUNCTION_EXISTS=pthread_create    CMakeFiles/cmTC_e5dfd.dir/CheckFunctionExists.c.o  -o cmTC_e5dfd -lpthreads 
/usr/bin/ld : ne peut trouver -lpthreads
collect2: error: ld returned 1 exit status
CMakeFiles/cmTC_e5dfd.dir/build.make:86: recipe for target 'cmTC_e5dfd' failed
make[1]: *** [cmTC_e5dfd] Error 1
make[1] : on quitte le répertoire « /home/ndrianja/IST/cyclonedds/src/CMakeFiles/CMakeTmp »
Makefile:121: recipe for target 'cmTC_e5dfd/fast' failed
make: *** [cmTC_e5dfd/fast] Error 2


